C:\USERS\DONGDUK\DESKTOP\20190975\DAY2\DAY2\DEBUG\DYA2_5.EXE
C:\USERS\DONGDUK\DESKTOP\20190975\DAY2\DAY2\DEBUG\DYA2_5.ILK
C:\USERS\DONGDUK\DESKTOP\20190975\DAY2\DAY2\DEBUG\DYA2_5.PDB
C:\Users\DongDuk\Desktop\20190975\Day2\day2\dya2_5\Debug\cl.command.1.tlog
C:\Users\DongDuk\Desktop\20190975\Day2\day2\dya2_5\Debug\CL.read.1.tlog
C:\Users\DongDuk\Desktop\20190975\Day2\day2\dya2_5\Debug\CL.write.1.tlog
C:\USERS\DONGDUK\DESKTOP\20190975\DAY2\DAY2\DYA2_5\DEBUG\DYA2_5.EXE.EMBED.MANIFEST
C:\USERS\DONGDUK\DESKTOP\20190975\DAY2\DAY2\DYA2_5\DEBUG\DYA2_5.EXE.EMBED.MANIFEST.RES
C:\USERS\DONGDUK\DESKTOP\20190975\DAY2\DAY2\DYA2_5\DEBUG\DYA2_5.EXE.INTERMEDIATE.MANIFEST
C:\USERS\DONGDUK\DESKTOP\20190975\DAY2\DAY2\DYA2_5\DEBUG\DYA2_5.OBJ
C:\Users\DongDuk\Desktop\20190975\Day2\day2\dya2_5\Debug\dya2_5.write.1.tlog
C:\Users\DongDuk\Desktop\20190975\Day2\day2\dya2_5\Debug\dya2_5_manifest.rc
C:\Users\DongDuk\Desktop\20190975\Day2\day2\dya2_5\Debug\link.3860.read.1.tlog
C:\Users\DongDuk\Desktop\20190975\Day2\day2\dya2_5\Debug\link.3860.write.1.tlog
C:\Users\DongDuk\Desktop\20190975\Day2\day2\dya2_5\Debug\link.3860-cvtres.read.1.tlog
C:\Users\DongDuk\Desktop\20190975\Day2\day2\dya2_5\Debug\link.3860-cvtres.write.1.tlog
C:\Users\DongDuk\Desktop\20190975\Day2\day2\dya2_5\Debug\link.command.1.tlog
C:\Users\DongDuk\Desktop\20190975\Day2\day2\dya2_5\Debug\link.read.1.tlog
C:\Users\DongDuk\Desktop\20190975\Day2\day2\dya2_5\Debug\link.write.1.tlog
C:\Users\DongDuk\Desktop\20190975\Day2\day2\dya2_5\Debug\link-cvtres.read.1.tlog
C:\Users\DongDuk\Desktop\20190975\Day2\day2\dya2_5\Debug\link-cvtres.write.1.tlog
C:\Users\DongDuk\Desktop\20190975\Day2\day2\dya2_5\Debug\mt.command.1.tlog
C:\Users\DongDuk\Desktop\20190975\Day2\day2\dya2_5\Debug\mt.read.1.tlog
C:\Users\DongDuk\Desktop\20190975\Day2\day2\dya2_5\Debug\mt.write.1.tlog
C:\Users\DongDuk\Desktop\20190975\Day2\day2\dya2_5\Debug\rc.command.1.tlog
C:\Users\DongDuk\Desktop\20190975\Day2\day2\dya2_5\Debug\rc.read.1.tlog
C:\Users\DongDuk\Desktop\20190975\Day2\day2\dya2_5\Debug\rc.write.1.tlog
C:\Users\DongDuk\Desktop\20190975\Day2\day2\dya2_5\Debug\vc100.idb
C:\USERS\DONGDUK\DESKTOP\20190975\DAY2\DAY2\DYA2_5\DEBUG\VC100.PDB
